This is XeTeX, Version 3.14159265-2.6-0.99999 (TeX Live 2018/W32TeX) (preloaded format=xelatex 2019.4.1)  26 JUL 2019 18:42
entering extended mode
 restricted \write18 enabled.
 %&-line parsing enabled.
**ntudocument.tex
(./ntudocument.tex
LaTeX2e <2018-12-01>
(h:/Latex/Texlive/main home/texlive/2018/texmf-dist/tex/latex/ctex/ctexrep.cls
(h:/Latex/Texlive/main home/texlive/2018/texmf-dist/tex/latex/l3kernel/expl3.st
y
Package: expl3 2019-02-15 L3 programming layer (loader) 

(h:/Latex/Texlive/main home/texlive/2018/texmf-dist/tex/latex/l3kernel/expl3-co
de.tex
Package: expl3 2019-02-15 L3 programming layer (code)
\c_max_int=\count80
\l_tmpa_int=\count81
\l_tmpb_int=\count82
\g_tmpa_int=\count83
\g_tmpb_int=\count84
\g__kernel_prg_map_int=\count85
\c_log_iow=\count86
\l_iow_line_count_int=\count87
\l__iow_line_target_int=\count88
\l__iow_one_indent_int=\count89
\l__iow_indent_int=\count90
\c_zero_dim=\dimen102
\c_max_dim=\dimen103
\l_tmpa_dim=\dimen104
\l_tmpb_dim=\dimen105
\g_tmpa_dim=\dimen106
\g_tmpb_dim=\dimen107
\c_zero_skip=\skip41
\c_max_skip=\skip42
\l_tmpa_skip=\skip43
\l_tmpb_skip=\skip44
\g_tmpa_skip=\skip45
\g_tmpb_skip=\skip46
\c_zero_muskip=\muskip10
\c_max_muskip=\muskip11
\l_tmpa_muskip=\muskip12
\l_tmpb_muskip=\muskip13
\g_tmpa_muskip=\muskip14
\g_tmpb_muskip=\muskip15
\l_keys_choice_int=\count91
\l__intarray_loop_int=\count92
\c__intarray_sp_dim=\dimen108
\g__intarray_font_int=\count93
\c__fp_leading_shift_int=\count94
\c__fp_middle_shift_int=\count95
\c__fp_trailing_shift_int=\count96
\c__fp_big_leading_shift_int=\count97
\c__fp_big_middle_shift_int=\count98
\c__fp_big_trailing_shift_int=\count99
\c__fp_Bigg_leading_shift_int=\count100
\c__fp_Bigg_middle_shift_int=\count101
\c__fp_Bigg_trailing_shift_int=\count102
\g__fp_array_int=\count103
\l__fp_array_loop_int=\count104
\l__sort_length_int=\count105
\l__sort_min_int=\count106
\l__sort_top_int=\count107
\l__sort_max_int=\count108
\l__sort_true_max_int=\count109
\l__sort_block_int=\count110
\l__sort_begin_int=\count111
\l__sort_end_int=\count112
\l__sort_A_int=\count113
\l__sort_B_int=\count114
\l__sort_C_int=\count115
\l__tl_analysis_normal_int=\count116
\l__tl_analysis_index_int=\count117
\l__tl_analysis_nesting_int=\count118
\l__tl_analysis_type_int=\count119
\l__regex_internal_a_int=\count120
\l__regex_internal_b_int=\count121
\l__regex_internal_c_int=\count122
\l__regex_balance_int=\count123
\l__regex_group_level_int=\count124
\l__regex_mode_int=\count125
\c__regex_cs_in_class_mode_int=\count126
\c__regex_cs_mode_int=\count127
\l__regex_catcodes_int=\count128
\l__regex_default_catcodes_int=\count129
\c__regex_catcode_L_int=\count130
\c__regex_catcode_O_int=\count131
\c__regex_catcode_A_int=\count132
\c__regex_all_catcodes_int=\count133
\l__regex_show_lines_int=\count134
\l__regex_min_state_int=\count135
\l__regex_max_state_int=\count136
\l__regex_left_state_int=\count137
\l__regex_right_state_int=\count138
\l__regex_capturing_group_int=\count139
\l__regex_min_pos_int=\count140
\l__regex_max_pos_int=\count141
\l__regex_curr_pos_int=\count142
\l__regex_start_pos_int=\count143
\l__regex_success_pos_int=\count144
\l__regex_curr_char_int=\count145
\l__regex_curr_catcode_int=\count146
\l__regex_last_char_int=\count147
\l__regex_case_changed_char_int=\count148
\l__regex_curr_state_int=\count149
\l__regex_step_int=\count150
\l__regex_min_active_int=\count151
\l__regex_max_active_int=\count152
\l__regex_replacement_csnames_int=\count153
\l__regex_match_count_int=\count154
\l__regex_min_submatch_int=\count155
\l__regex_submatch_int=\count156
\l__regex_zeroth_submatch_int=\count157
\g__regex_trace_regex_int=\count158
\c_empty_box=\box27
\l_tmpa_box=\box28
\l_tmpb_box=\box29
\g_tmpa_box=\box30
\g_tmpb_box=\box31
\l__box_top_dim=\dimen109
\l__box_bottom_dim=\dimen110
\l__box_left_dim=\dimen111
\l__box_right_dim=\dimen112
\l__box_top_new_dim=\dimen113
\l__box_bottom_new_dim=\dimen114
\l__box_left_new_dim=\dimen115
\l__box_right_new_dim=\dimen116
\l__box_internal_box=\box32
\l__coffin_internal_box=\box33
\l__coffin_internal_dim=\dimen117
\l__coffin_offset_x_dim=\dimen118
\l__coffin_offset_y_dim=\dimen119
\l__coffin_x_dim=\dimen120
\l__coffin_y_dim=\dimen121
\l__coffin_x_prime_dim=\dimen122
\l__coffin_y_prime_dim=\dimen123
\c_empty_coffin=\box34
\l__coffin_aligned_coffin=\box35
\l__coffin_aligned_internal_coffin=\box36
\l_tmpa_coffin=\box37
\l_tmpb_coffin=\box38
\g_tmpa_coffin=\box39
\g_tmpb_coffin=\box40
\c__coffin_empty_coffin=\box41
\l__coffin_display_coffin=\box42
\l__coffin_display_coord_coffin=\box43
\l__coffin_display_pole_coffin=\box44
\l__coffin_display_offset_dim=\dimen124
\l__coffin_display_x_dim=\dimen125
\l__coffin_display_y_dim=\dimen126
\g__file_internal_ior=\read1
\l__coffin_bounding_shift_dim=\dimen127
\l__coffin_left_corner_dim=\dimen128
\l__coffin_right_corner_dim=\dimen129
\l__coffin_bottom_corner_dim=\dimen130
\l__coffin_top_corner_dim=\dimen131
\l__coffin_scaled_total_height_dim=\dimen132
\l__coffin_scaled_width_dim=\dimen133
)
(h:/Latex/Texlive/main home/texlive/2018/texmf-dist/tex/latex/l3kernel/l3xdvipd
fmx.def
File: l3xdvipdfmx.def 2019-02-15 v L3 Experimental driver: xdvipdfmx
\g__driver_image_int=\count159
\g__driver_pdf_object_int=\count160
))
Document Class: ctexrep 2018/05/02 v2.4.14 Chinese adapter for class report (CT
EX)

(h:/Latex/Texlive/main home/texlive/2018/texmf-dist/tex/latex/l3packages/xparse
/xparse.sty
Package: xparse 2018-10-17 L3 Experimental document command parser
\l__xparse_current_arg_int=\count161
\g__xparse_grabber_int=\count162
\l__xparse_m_args_int=\count163
\l__xparse_mandatory_args_int=\count164
\l__xparse_v_nesting_int=\count165
)
(h:/Latex/Texlive/main home/texlive/2018/texmf-dist/tex/latex/l3packages/l3keys
2e/l3keys2e.sty
Package: l3keys2e 2018-10-17 LaTeX2e option processing using LaTeX3 keys
)
(h:/Latex/Texlive/main home/texlive/2018/texmf-dist/tex/latex/ctex/ctexhook.sty
Package: ctexhook 2018/05/02 v2.4.14 Document and package hooks (CTEX)
)
(h:/Latex/Texlive/main home/texlive/2018/texmf-dist/tex/latex/ctex/ctexpatch.st
y
Package: ctexpatch 2018/05/02 v2.4.14 Patching commands (CTEX)
)
(h:/Latex/Texlive/main home/texlive/2018/texmf-dist/tex/latex/base/fix-cm.sty
Package: fix-cm 2015/01/14 v1.1t fixes to LaTeX

(h:/Latex/Texlive/main home/texlive/2018/texmf-dist/tex/latex/base/ts1enc.def
File: ts1enc.def 2001/06/05 v3.0e (jk/car/fm) Standard LaTeX file
)) (h:/Latex/Texlive/main home/texlive/2018/texmf-dist/tex/latex/ms/everysel.st
y
Package: everysel 2011/10/28 v1.2 EverySelectfont Package (MS)
)
\l__ctex_tmp_int=\count166
\l__ctex_tmp_box=\box45
\l__ctex_tmp_dim=\dimen134
\g__ctex_font_size_flag=\count167

(h:/Latex/Texlive/main home/texlive/2018/texmf-dist/tex/latex/ctex/config/ctexo
pts.cfg
File: ctexopts.cfg 2018/05/02 v2.4.14 Option configuration file (CTEX)
)

Package ctex Warning: Option `hyperref' is deprecated.
(ctex)                `hyperref' package will be loaded.

(h:/Latex/Texlive/main home/texlive/2018/texmf-dist/tex/latex/base/report.cls
Document Class: report 2018/09/03 v1.4i Standard LaTeX document class
(h:/Latex/Texlive/main home/texlive/2018/texmf-dist/tex/latex/base/size10.clo
File: size10.clo 2018/09/03 v1.4i Standard LaTeX file (size option)
)
\c@part=\count168
\c@chapter=\count169
\c@section=\count170
\c@subsection=\count171
\c@subsubsection=\count172
\c@paragraph=\count173
\c@subparagraph=\count174
\c@figure=\count175
\c@table=\count176
\abovecaptionskip=\skip47
\belowcaptionskip=\skip48
\bibindent=\dimen135
)
(h:/Latex/Texlive/main home/texlive/2018/texmf-dist/tex/latex/ctex/engine/ctex-
engine-xetex.def
File: ctex-engine-xetex.def 2018/05/02 v2.4.14 XeLaTeX adapter (CTEX)

(h:/Latex/Texlive/main home/texlive/2018/texmf-dist/tex/xelatex/xecjk/xeCJK.sty
Package: xeCJK 2018/04/30 v3.7.1 Typesetting CJK scripts with XeLaTeX

(h:/Latex/Texlive/main home/texlive/2018/texmf-dist/tex/latex/l3packages/xtempl
ate/xtemplate.sty
Package: xtemplate 2018-10-17 L3 Experimental prototype document functions
\l__xtemplate_tmp_dim=\dimen136
\l__xtemplate_tmp_int=\count177
\l__xtemplate_tmp_muskip=\muskip16
\l__xtemplate_tmp_skip=\skip49
)
\l__xeCJK_tmp_int=\count178
\l__xeCJK_tmp_box=\box46
\l__xeCJK_tmp_dim=\dimen137
\l__xeCJK_tmp_skip=\skip50
\g__xeCJK_space_factor_int=\count179
\l__xeCJK_begin_int=\count180
\l__xeCJK_end_int=\count181
\c__xeCJK_CJK_class_int=\XeTeXcharclass1
\c__xeCJK_FullLeft_class_int=\XeTeXcharclass2
\c__xeCJK_FullRight_class_int=\XeTeXcharclass3
\c__xeCJK_HalfLeft_class_int=\XeTeXcharclass4
\c__xeCJK_HalfRight_class_int=\XeTeXcharclass5
\c__xeCJK_NormalSpace_class_int=\XeTeXcharclass6
\c__xeCJK_CM_class_int=\XeTeXcharclass7
\c__xeCJK_HangulJamo_class_int=\XeTeXcharclass8
\l__xeCJK_last_skip=\skip51
\g__xeCJK_node_int=\count182
\c__xeCJK_CJK_node_dim=\dimen138
\c__xeCJK_CJK-space_node_dim=\dimen139
\c__xeCJK_default_node_dim=\dimen140
\c__xeCJK_default-space_node_dim=\dimen141
\c__xeCJK_CJK-widow_node_dim=\dimen142
\c__xeCJK_normalspace_node_dim=\dimen143
\l__xeCJK_ccglue_skip=\skip52
\l__xeCJK_ecglue_skip=\skip53
\l__xeCJK_punct_kern_skip=\skip54
\l__xeCJK_last_penalty_int=\count183
\l__xeCJK_last_bound_dim=\dimen144
\l__xeCJK_last_kern_dim=\dimen145
\l__xeCJK_widow_penalty_int=\count184

Package xtemplate Info: Declaring object type 'xeCJK/punctuation' taking 0
(xtemplate)             argument(s) on line 2362.

\l__xeCJK_fixed_punct_width_dim=\dimen146
\l__xeCJK_mixed_punct_width_dim=\dimen147
\l__xeCJK_middle_punct_width_dim=\dimen148
\l__xeCJK_fixed_margin_width_dim=\dimen149
\l__xeCJK_mixed_margin_width_dim=\dimen150
\l__xeCJK_middle_margin_width_dim=\dimen151
\l__xeCJK_bound_punct_width_dim=\dimen152
\l__xeCJK_bound_margin_width_dim=\dimen153
\l__xeCJK_margin_minimum_dim=\dimen154
\l__xeCJK_kerning_total_width_dim=\dimen155
\l__xeCJK_same_align_margin_dim=\dimen156
\l__xeCJK_different_align_margin_dim=\dimen157
\l__xeCJK_kerning_margin_width_dim=\dimen158
\l__xeCJK_kerning_margin_minimum_dim=\dimen159
\l__xeCJK_bound_dim=\dimen160
\l__xeCJK_reverse_bound_dim=\dimen161
\l__xeCJK_minimum_bound_dim=\dimen162
\l__xeCJK_kerning_margin_dim=\dimen163
\l__xeCJK_original_margin_dim=\dimen164
\g__xeCJK_family_int=\count185
\l__xeCJK_fam_int=\count186
\g__xeCJK_fam_allocation_int=\count187
\l__xeCJK_verb_case_int=\count188
\l__xeCJK_verb_exspace_skip=\skip55

(h:/Latex/Texlive/main home/texlive/2018/texmf-dist/tex/latex/fontspec/fontspec
.sty
Package: fontspec 2019/02/12 v2.7b Font selection for XeLaTeX and LuaLaTeX

(h:/Latex/Texlive/main home/texlive/2018/texmf-dist/tex/latex/fontspec/fontspec
-xetex.sty
Package: fontspec-xetex 2019/02/12 v2.7b Font selection for XeLaTeX and LuaLaTe
X
\l__fontspec_script_int=\count189
\l__fontspec_language_int=\count190
\l__fontspec_strnum_int=\count191
\l__fontspec_tmp_int=\count192
\l__fontspec_tmpa_int=\count193
\l__fontspec_tmpb_int=\count194
\l__fontspec_tmpc_int=\count195
\l__fontspec_em_int=\count196
\l__fontspec_emdef_int=\count197
\l__fontspec_strong_int=\count198
\l__fontspec_strongdef_int=\count199
\l__fontspec_tmpa_dim=\dimen165
\l__fontspec_tmpb_dim=\dimen166
\l__fontspec_tmpc_dim=\dimen167

(h:/Latex/Texlive/main home/texlive/2018/texmf-dist/tex/latex/base/fontenc.sty
Package: fontenc 2018/08/11 v2.0j Standard LaTeX package

(h:/Latex/Texlive/main home/texlive/2018/texmf-dist/tex/latex/base/tuenc.def
File: tuenc.def 2018/08/11 v2.0j Standard LaTeX file
LaTeX Font Info:    Redeclaring font encoding TU on input line 82.
))
(h:/Latex/Texlive/main home/texlive/2018/texmf-dist/tex/latex/fontspec/fontspec
.cfg)
LaTeX Info: Redefining \itshape on input line 4044.
LaTeX Info: Redefining \slshape on input line 4049.
LaTeX Info: Redefining \scshape on input line 4054.
LaTeX Info: Redefining \upshape on input line 4059.
LaTeX Info: Redefining \em on input line 4089.
LaTeX Info: Redefining \emph on input line 4114.
))
(h:/Latex/Texlive/main home/texlive/2018/texmf-dist/tex/xelatex/xecjk/xeCJK.cfg
File: xeCJK.cfg 2018/04/30 v3.7.1 Configuration file for xeCJK package
))
(h:/Latex/Texlive/main home/texlive/2018/texmf-dist/tex/xelatex/xecjk/xeCJKfnte
f.sty
Package: xeCJKfntef 2018/04/30 v3.7.1 xeCJK font effect

(h:/Latex/Texlive/main home/texlive/2018/texmf-dist/tex/generic/ulem/ulem.sty
\UL@box=\box47
\UL@hyphenbox=\box48
\UL@skip=\skip56
\UL@hook=\toks14
\UL@height=\dimen168
\UL@pe=\count266
\UL@pixel=\dimen169
\ULC@box=\box49
Package: ulem 2012/05/18
\ULdepth=\dimen170
)
(h:/Latex/Texlive/main home/texlive/2018/texmf-dist/tex/latex/environ/environ.s
ty
Package: environ 2014/05/04 v0.3 A new way to define environments

(h:/Latex/Texlive/main home/texlive/2018/texmf-dist/tex/latex/trimspaces/trimsp
aces.sty
Package: trimspaces 2009/09/17 v1.1 Trim spaces around a token list
)
\@envbody=\toks15
)
(h:/Latex/Texlive/main home/texlive/2018/texmf-dist/tex/latex/cjk/texinput/CJKf
ntef.sty
Package: CJKfntef 2015/04/18 4.8.4
\CJK@fntefSkip=\skip57
\CJK@nest=\count267
\CJK@fntefDimen=\dimen171
\CJK@underdotBox=\box50
\CJK@ULbox=\box51
\CJK@underanyskip=\dimen172
)
\l__xeCJK_space_skip=\skip58
\c__xeCJK_ulem-begin_node_dim=\dimen173
\c__xeCJK_null_box=\box52
\l__xeCJK_fntef_box=\box53
\l__xeCJK_under_symbol_box=\box54
\c__xeCJK_filll_skip=\skip59
)
\ccwd=\dimen174
\l__ctex_ccglue_skip=\skip60
)
\l__ctex_ziju_dim=\dimen175

(h:/Latex/Texlive/main home/texlive/2018/texmf-dist/tex/latex/zhnumber/zhnumber
.sty
Package: zhnumber 2018/01/28 v2.6 Typesetting numbers with Chinese glyphs
\l__zhnum_scale_int=\count268

(h:/Latex/Texlive/main home/texlive/2018/texmf-dist/tex/latex/zhnumber/zhnumber
-utf8.cfg
File: zhnumber-utf8.cfg 2018/01/28 v2.6 Chinese numerals with UTF8 encoding
))
\l__ctex_heading_skip=\skip61

(h:/Latex/Texlive/main home/texlive/2018/texmf-dist/tex/latex/ctex/scheme/ctex-
scheme-chinese-report.def
File: ctex-scheme-chinese-report.def 2018/05/02 v2.4.14 Chinese scheme for repo
rt (CTEX)

(h:/Latex/Texlive/main home/texlive/2018/texmf-dist/tex/latex/ctex/config/ctex-
name-utf8.cfg
File: ctex-name-utf8.cfg 2018/05/02 v2.4.14 Caption with encoding UTF8 (CTEX)
))
(h:/Latex/Texlive/main home/texlive/2018/texmf-dist/tex/latex/ctex/ctex-c5size.
clo
File: ctex-c5size.clo 2018/05/02 v2.4.14 c5size option (CTEX)
)
(h:/Latex/Texlive/main home/texlive/2018/texmf-dist/tex/latex/ctex/fontset/ctex
-fontset-windows.def
File: ctex-fontset-windows.def 2018/05/02 v2.4.14 Windows fonts definition (CTE
X)

(h:/Latex/Texlive/main home/texlive/2018/texmf-dist/tex/latex/ctex/fontset/ctex
-fontset-windowsnew.def
File: ctex-fontset-windowsnew.def 2018/05/02 v2.4.14 Windows fonts definition f
or Vista or later version (CTEX)

Package fontspec Info: Could not resolve font "KaiTi/B" (it probably doesn't
(fontspec)             exist).


Package fontspec Info: Could not resolve font "SimHei/I" (it probably doesn't
(fontspec)             exist).


Package fontspec Info: Could not resolve font "SimSun/BI" (it probably doesn't
(fontspec)             exist).


Package fontspec Info: Font family 'SimSun(0)' created for font 'SimSun' with
(fontspec)             options
(fontspec)             [Script={CJK},BoldFont={SimHei},ItalicFont={KaiTi}].
(fontspec)              
(fontspec)              This font family consists of the following NFSS
(fontspec)             series/shapes:
(fontspec)              
(fontspec)             - 'normal' (m/n) with NFSS spec.:
(fontspec)             <->"SimSun/OT:script=hani;language=DFLT;"
(fontspec)             - 'small caps'  (m/sc) with NFSS spec.: 
(fontspec)             - 'bold' (bx/n) with NFSS spec.:
(fontspec)             <->"SimHei/OT:script=hani;language=DFLT;"
(fontspec)             - 'bold small caps'  (bx/sc) with NFSS spec.: 
(fontspec)             - 'italic' (m/it) with NFSS spec.:
(fontspec)             <->"KaiTi/OT:script=hani;language=DFLT;"
(fontspec)             - 'italic small caps'  (m/itsc) with NFSS spec.: 

)))
(h:/Latex/Texlive/main home/texlive/2018/texmf-dist/tex/latex/ctex/config/ctex.
cfg
File: ctex.cfg 2018/05/02 v2.4.14 Configuration file (CTEX)
)
(h:/Latex/Texlive/main home/texlive/2018/texmf-dist/tex/latex/geometry/geometry
.sty
Package: geometry 2018/04/16 v5.8 Page Geometry

(h:/Latex/Texlive/main home/texlive/2018/texmf-dist/tex/latex/graphics/keyval.s
ty
Package: keyval 2014/10/28 v1.15 key=value parser (DPC)
\KV@toks@=\toks16
)
(h:/Latex/Texlive/main home/texlive/2018/texmf-dist/tex/generic/oberdiek/ifpdf.
sty
Package: ifpdf 2018/09/07 v3.3 Provides the ifpdf switch
)
(h:/Latex/Texlive/main home/texlive/2018/texmf-dist/tex/generic/oberdiek/ifvtex
.sty
Package: ifvtex 2016/05/16 v1.6 Detect VTeX and its facilities (HO)
Package ifvtex Info: VTeX not detected.
)
(h:/Latex/Texlive/main home/texlive/2018/texmf-dist/tex/generic/ifxetex/ifxetex
.sty
Package: ifxetex 2010/09/12 v0.6 Provides ifxetex conditional
)
\Gm@cnth=\count269
\Gm@cntv=\count270
\c@Gm@tempcnt=\count271
\Gm@bindingoffset=\dimen176
\Gm@wd@mp=\dimen177
\Gm@odd@mp=\dimen178
\Gm@even@mp=\dimen179
\Gm@layoutwidth=\dimen180
\Gm@layoutheight=\dimen181
\Gm@layouthoffset=\dimen182
\Gm@layoutvoffset=\dimen183
\Gm@dimlist=\toks17
)
(h:/Latex/Texlive/main home/texlive/2018/texmf-dist/tex/latex/hyperref/hyperref
.sty
Package: hyperref 2018/11/30 v6.88e Hypertext links for LaTeX

(h:/Latex/Texlive/main home/texlive/2018/texmf-dist/tex/generic/oberdiek/hobsub
-hyperref.sty
Package: hobsub-hyperref 2016/05/16 v1.14 Bundle oberdiek, subset hyperref (HO)


(h:/Latex/Texlive/main home/texlive/2018/texmf-dist/tex/generic/oberdiek/hobsub
-generic.sty
Package: hobsub-generic 2016/05/16 v1.14 Bundle oberdiek, subset generic (HO)
Package: hobsub 2016/05/16 v1.14 Construct package bundles (HO)
Package: infwarerr 2016/05/16 v1.4 Providing info/warning/error messages (HO)
Package: ltxcmds 2016/05/16 v1.23 LaTeX kernel commands for general use (HO)
Package: ifluatex 2016/05/16 v1.4 Provides the ifluatex switch (HO)
Package ifluatex Info: LuaTeX not detected.
Package hobsub Info: Skipping package `ifvtex' (already loaded).
Package: intcalc 2016/05/16 v1.2 Expandable calculations with integers (HO)
Package hobsub Info: Skipping package `ifpdf' (already loaded).
Package: etexcmds 2016/05/16 v1.6 Avoid name clashes with e-TeX commands (HO)
Package etexcmds Info: Could not find \expanded.
(etexcmds)             That can mean that you are not using pdfTeX 1.50 or
(etexcmds)             that some package has redefined \expanded.
(etexcmds)             In the latter case, load this package earlier.
Package: kvsetkeys 2016/05/16 v1.17 Key value parser (HO)
Package: kvdefinekeys 2016/05/16 v1.4 Define keys (HO)
Package: pdftexcmds 2018/09/10 v0.29 Utility functions of pdfTeX for LuaTeX (HO
)
Package pdftexcmds Info: LuaTeX not detected.
Package pdftexcmds Info: pdfTeX >= 1.30 not detected.
Package pdftexcmds Info: \pdf@primitive is available.
Package pdftexcmds Info: \pdf@ifprimitive is available.
Package pdftexcmds Info: \pdfdraftmode not found.
Package: pdfescape 2016/05/16 v1.14 Implements pdfTeX's escape features (HO)
Package: bigintcalc 2016/05/16 v1.4 Expandable calculations on big integers (HO
)
Package: bitset 2016/05/16 v1.2 Handle bit-vector datatype (HO)
Package: uniquecounter 2016/05/16 v1.3 Provide unlimited unique counter (HO)
)
Package hobsub Info: Skipping package `hobsub' (already loaded).
Package: letltxmacro 2016/05/16 v1.5 Let assignment for LaTeX macros (HO)
Package: hopatch 2016/05/16 v1.3 Wrapper for package hooks (HO)
Package: xcolor-patch 2016/05/16 xcolor patch
Package: atveryend 2016/05/16 v1.9 Hooks at the very end of document (HO)
Package atveryend Info: \enddocument detected (standard20110627).
Package: atbegshi 2016/06/09 v1.18 At begin shipout hook (HO)
Package: refcount 2016/05/16 v3.5 Data extraction from label references (HO)
Package: hycolor 2016/05/16 v1.8 Color options for hyperref/bookmark (HO)
)
(h:/Latex/Texlive/main home/texlive/2018/texmf-dist/tex/latex/oberdiek/auxhook.
sty
Package: auxhook 2016/05/16 v1.4 Hooks for auxiliary files (HO)
)
(h:/Latex/Texlive/main home/texlive/2018/texmf-dist/tex/latex/oberdiek/kvoption
s.sty
Package: kvoptions 2016/05/16 v3.12 Key value format for package options (HO)
)
\@linkdim=\dimen184
\Hy@linkcounter=\count272
\Hy@pagecounter=\count273

(h:/Latex/Texlive/main home/texlive/2018/texmf-dist/tex/latex/hyperref/pd1enc.d
ef
File: pd1enc.def 2018/11/30 v6.88e Hyperref: PDFDocEncoding definition (HO)
)
\Hy@SavedSpaceFactor=\count274

(h:/Latex/Texlive/main home/texlive/2018/texmf-dist/tex/latex/latexconfig/hyper
ref.cfg
File: hyperref.cfg 2002/06/06 v1.2 hyperref configuration of TeXLive
)
Package hyperref Info: Option `unicode' set `true' on input line 4393.

(h:/Latex/Texlive/main home/texlive/2018/texmf-dist/tex/latex/hyperref/puenc.de
f
File: puenc.def 2018/11/30 v6.88e Hyperref: PDF Unicode definition (HO)
)
Package hyperref Info: Hyper figures OFF on input line 4519.
Package hyperref Info: Link nesting OFF on input line 4524.
Package hyperref Info: Hyper index ON on input line 4527.
Package hyperref Info: Plain pages OFF on input line 4534.
Package hyperref Info: Backreferencing OFF on input line 4539.
Package hyperref Info: Implicit mode ON; LaTeX internals redefined.
Package hyperref Info: Bookmarks ON on input line 4772.
\c@Hy@tempcnt=\count275
 (h:/Latex/Texlive/main home/texlive/2018/texmf-dist/tex/latex/url/url.sty
\Urlmuskip=\muskip17
Package: url 2013/09/16  ver 3.4  Verb mode for urls, etc.
)
LaTeX Info: Redefining \url on input line 5125.
\XeTeXLinkMargin=\dimen185
\Fld@menulength=\count276
\Field@Width=\dimen186
\Fld@charsize=\dimen187
Package hyperref Info: Hyper figures OFF on input line 6380.
Package hyperref Info: Link nesting OFF on input line 6385.
Package hyperref Info: Hyper index ON on input line 6388.
Package hyperref Info: backreferencing OFF on input line 6395.
Package hyperref Info: Link coloring OFF on input line 6400.
Package hyperref Info: Link coloring with OCG OFF on input line 6405.
Package hyperref Info: PDF/A mode OFF on input line 6410.
LaTeX Info: Redefining \ref on input line 6450.
LaTeX Info: Redefining \pageref on input line 6454.
\Hy@abspage=\count277
\c@Item=\count278
\c@Hfootnote=\count279
)
Package hyperref Info: Driver (autodetected): hxetex.

(h:/Latex/Texlive/main home/texlive/2018/texmf-dist/tex/latex/hyperref/hxetex.d
ef
File: hxetex.def 2018/11/30 v6.88e Hyperref driver for XeTeX

(h:/Latex/Texlive/main home/texlive/2018/texmf-dist/tex/generic/oberdiek/string
enc.sty
Package: stringenc 2016/05/16 v1.11 Convert strings between diff. encodings (HO
)
)
\pdfm@box=\box55
\c@Hy@AnnotLevel=\count280
\HyField@AnnotCount=\count281
\Fld@listcount=\count282
\c@bookmark@seq@number=\count283

(h:/Latex/Texlive/main home/texlive/2018/texmf-dist/tex/latex/oberdiek/rerunfil
echeck.sty
Package: rerunfilecheck 2016/05/16 v1.8 Rerun checks for auxiliary files (HO)
Package uniquecounter Info: New unique counter `rerunfilecheck' on input line 2
82.
)
\Hy@SectionHShift=\skip62
)
(h:/Latex/Texlive/main home/texlive/2018/texmf-dist/tex/latex/fancyhdr/fancyhdr
.sty
Package: fancyhdr 2019/01/31 v3.10 Extensive control of page headers and footer
s
\f@nch@headwidth=\skip63
\f@nch@O@elh=\skip64
\f@nch@O@erh=\skip65
\f@nch@O@olh=\skip66
\f@nch@O@orh=\skip67
\f@nch@O@elf=\skip68
\f@nch@O@erf=\skip69
\f@nch@O@olf=\skip70
\f@nch@O@orf=\skip71
)
(h:/Latex/Texlive/main home/texlive/2018/texmf-dist/tex/latex/xcolor/xcolor.sty
Package: xcolor 2016/05/11 v2.12 LaTeX color extensions (UK)

(h:/Latex/Texlive/main home/texlive/2018/texmf-dist/tex/latex/graphics-cfg/colo
r.cfg
File: color.cfg 2016/01/02 v1.6 sample color configuration
)
Package xcolor Info: Driver file: xetex.def on input line 225.

(h:/Latex/Texlive/main home/texlive/2018/texmf-dist/tex/latex/graphics-def/xete
x.def
File: xetex.def 2017/06/24 v5.0h Graphics/color driver for xetex
)
Package xcolor Info: Model `cmy' substituted by `cmy0' on input line 1348.
Package xcolor Info: Model `RGB' extended on input line 1364.
Package xcolor Info: Model `HTML' substituted by `rgb' on input line 1366.
Package xcolor Info: Model `Hsb' substituted by `hsb' on input line 1367.
Package xcolor Info: Model `tHsb' substituted by `hsb' on input line 1368.
Package xcolor Info: Model `HSB' substituted by `hsb' on input line 1369.
Package xcolor Info: Model `Gray' substituted by `gray' on input line 1370.
Package xcolor Info: Model `wave' substituted by `hsb' on input line 1371.
)
(h:/Latex/Texlive/main home/texlive/2018/texmf-dist/tex/latex/tocloft/tocloft.s
ty
Package: tocloft 2017/08/31 v2.3i parameterised ToC, etc., typesetting
Package tocloft Info: The document has chapter divisions on input line 51.
\cftparskip=\skip72
\cftbeforetoctitleskip=\skip73
\cftaftertoctitleskip=\skip74
\cftbeforepartskip=\skip75
\cftpartnumwidth=\skip76
\cftpartindent=\skip77
\cftbeforechapskip=\skip78
\cftchapindent=\skip79
\cftchapnumwidth=\skip80
\cftbeforesecskip=\skip81
\cftsecindent=\skip82
\cftsecnumwidth=\skip83
\cftbeforesubsecskip=\skip84
\cftsubsecindent=\skip85
\cftsubsecnumwidth=\skip86
\cftbeforesubsubsecskip=\skip87
\cftsubsubsecindent=\skip88
\cftsubsubsecnumwidth=\skip89
\cftbeforeparaskip=\skip90
\cftparaindent=\skip91
\cftparanumwidth=\skip92
\cftbeforesubparaskip=\skip93
\cftsubparaindent=\skip94
\cftsubparanumwidth=\skip95
\cftbeforeloftitleskip=\skip96
\cftafterloftitleskip=\skip97
\cftbeforefigskip=\skip98
\cftfigindent=\skip99
\cftfignumwidth=\skip100
\c@lofdepth=\count284
\c@lotdepth=\count285
\cftbeforelottitleskip=\skip101
\cftafterlottitleskip=\skip102
\cftbeforetabskip=\skip103
\cfttabindent=\skip104
\cfttabnumwidth=\skip105
)
(h:/Latex/Texlive/main home/texlive/2018/texmf-dist/tex/latex/oberdiek/pdflscap
e.sty
Package: pdflscape 2016/05/14 v0.11 Display of landscape pages in PDF (HO)

(h:/Latex/Texlive/main home/texlive/2018/texmf-dist/tex/latex/graphics/lscape.s
ty
Package: lscape 2000/10/22 v3.01 Landscape Pages (DPC)

(h:/Latex/Texlive/main home/texlive/2018/texmf-dist/tex/latex/graphics/graphics
.sty
Package: graphics 2017/06/25 v1.2c Standard LaTeX Graphics (DPC,SPQR)

(h:/Latex/Texlive/main home/texlive/2018/texmf-dist/tex/latex/graphics/trig.sty
Package: trig 2016/01/03 v1.10 sin cos tan (DPC)
)
(h:/Latex/Texlive/main home/texlive/2018/texmf-dist/tex/latex/graphics-cfg/grap
hics.cfg
File: graphics.cfg 2016/06/04 v1.11 sample graphics configuration
)
Package graphics Info: Driver file: xetex.def on input line 99.
))
Package pdflscape Info: Auto-detected driver: dvipdfm (xetex) on input line 99.

)
(h:/Latex/Texlive/main home/texlive/2018/texmf-dist/tex/latex/tools/multicol.st
y
Package: multicol 2018/12/27 v1.8v multicolumn formatting (FMi)
\c@tracingmulticols=\count286
\mult@box=\box56
\multicol@leftmargin=\dimen188
\c@unbalance=\count287
\c@collectmore=\count288
\doublecol@number=\count289
\multicoltolerance=\count290
\multicolpretolerance=\count291
\full@width=\dimen189
\page@free=\dimen190
\premulticols=\dimen191
\postmulticols=\dimen192
\multicolsep=\skip106
\multicolbaselineskip=\skip107
\partial@page=\box57
\last@line=\box58
\maxbalancingoverflow=\dimen193
\mult@rightbox=\box59
\mult@grightbox=\box60
\mult@gfirstbox=\box61
\mult@firstbox=\box62
\@tempa=\box63
\@tempa=\box64
\@tempa=\box65
\@tempa=\box66
\@tempa=\box67
\@tempa=\box68
\@tempa=\box69
\@tempa=\box70
\@tempa=\box71
\@tempa=\box72
\@tempa=\box73
\@tempa=\box74
\@tempa=\box75
\@tempa=\box76
\@tempa=\box77
\@tempa=\box78
\@tempa=\box79
\c@columnbadness=\count292
\c@finalcolumnbadness=\count293
\last@try=\dimen194
\multicolovershoot=\dimen195
\multicolundershoot=\dimen196
\mult@nat@firstbox=\box80
\colbreak@box=\box81
\mc@col@check@num=\count294
)
(h:/Latex/Texlive/main home/texlive/2018/texmf-dist/tex/latex/oberdiek/accsupp.
sty
Package: accsupp 2018/03/28 v0.5 Accessibility support by marked content (HO)

(h:/Latex/Texlive/main home/texlive/2018/texmf-dist/tex/latex/oberdiek/accsupp-
dvipdfm.def
File: accsupp-dvipdfm.def 2018/03/28 v0.5 accsupp driver for dvipdfm (HO)
))
(h:/Latex/Texlive/main home/texlive/2018/texmf-dist/tex/latex/amsmath/amsmath.s
ty
Package: amsmath 2018/12/01 v2.17b AMS math features
\@mathmargin=\skip108

For additional information on amsmath, use the `?' option.

(h:/Latex/Texlive/main home/texlive/2018/texmf-dist/tex/latex/amsmath/amstext.s
ty
Package: amstext 2000/06/29 v2.01 AMS text

(h:/Latex/Texlive/main home/texlive/2018/texmf-dist/tex/latex/amsmath/amsgen.st
y
File: amsgen.sty 1999/11/30 v2.0 generic functions
\@emptytoks=\toks18
\ex@=\dimen197
))
(h:/Latex/Texlive/main home/texlive/2018/texmf-dist/tex/latex/amsmath/amsbsy.st
y
Package: amsbsy 1999/11/29 v1.2d Bold Symbols
\pmbraise@=\dimen198
)
(h:/Latex/Texlive/main home/texlive/2018/texmf-dist/tex/latex/amsmath/amsopn.st
y
Package: amsopn 2016/03/08 v2.02 operator names
)
\inf@bad=\count295
LaTeX Info: Redefining \frac on input line 223.
\uproot@=\count296
\leftroot@=\count297
LaTeX Info: Redefining \overline on input line 385.
\classnum@=\count298
\DOTSCASE@=\count299
LaTeX Info: Redefining \ldots on input line 482.
LaTeX Info: Redefining \dots on input line 485.
LaTeX Info: Redefining \cdots on input line 606.
\Mathstrutbox@=\box82
\strutbox@=\box83
\big@size=\dimen199
LaTeX Font Info:    Redeclaring font encoding OML on input line 729.
LaTeX Font Info:    Redeclaring font encoding OMS on input line 730.
\macc@depth=\count300
\c@MaxMatrixCols=\count301
\dotsspace@=\muskip18
\c@parentequation=\count302
\dspbrk@lvl=\count303
\tag@help=\toks19
\row@=\count304
\column@=\count305
\maxfields@=\count306
\andhelp@=\toks20
\eqnshift@=\dimen256
\alignsep@=\dimen257
\tagshift@=\dimen258
\tagwidth@=\dimen259
\totwidth@=\dimen260
\lineht@=\dimen261
\@envbody=\toks21
\multlinegap=\skip109
\multlinetaggap=\skip110
\mathdisplay@stack=\toks22
LaTeX Info: Redefining \[ on input line 2844.
LaTeX Info: Redefining \] on input line 2845.
)
(h:/Latex/Texlive/main home/texlive/2018/texmf-dist/tex/latex/listings/listings
.sty
\lst@mode=\count307
\lst@gtempboxa=\box84
\lst@token=\toks23
\lst@length=\count308
\lst@currlwidth=\dimen262
\lst@column=\count309
\lst@pos=\count310
\lst@lostspace=\dimen263
\lst@width=\dimen264
\lst@newlines=\count311
\lst@lineno=\count312
\lst@maxwidth=\dimen265

(h:/Latex/Texlive/main home/texlive/2018/texmf-dist/tex/latex/listings/lstmisc.
sty
File: lstmisc.sty 2018/09/02 1.7 (Carsten Heinz)
\c@lstnumber=\count313
\lst@skipnumbers=\count314
\lst@framebox=\box85
)
(h:/Latex/Texlive/main home/texlive/2018/texmf-dist/tex/latex/listings/listings
.cfg
File: listings.cfg 2018/09/02 1.7 listings configuration
))
Package: listings 2018/09/02 1.7 (Carsten Heinz)

Package fontspec Info: Font family 'Consolas(0)' created for font 'Consolas'
(fontspec)             with options [].
(fontspec)              
(fontspec)              This font family consists of the following NFSS
(fontspec)             series/shapes:
(fontspec)              
(fontspec)             - 'normal' (m/n) with NFSS spec.:
(fontspec)             <->"Consolas/OT:script=latn;language=DFLT;"
(fontspec)             - 'small caps'  (m/sc) with NFSS spec.: 
(fontspec)             - 'bold' (bx/n) with NFSS spec.:
(fontspec)             <->"Consolas/B/OT:script=latn;language=DFLT;"
(fontspec)             - 'bold small caps'  (bx/sc) with NFSS spec.: 
(fontspec)             - 'italic' (m/it) with NFSS spec.:
(fontspec)             <->"Consolas/I/OT:script=latn;language=DFLT;"
(fontspec)             - 'italic small caps'  (m/itsc) with NFSS spec.: 
(fontspec)             - 'bold italic' (bx/it) with NFSS spec.:
(fontspec)             <->"Consolas/BI/OT:script=latn;language=DFLT;"
(fontspec)             - 'bold italic small caps'  (bx/itsc) with NFSS spec.: 


(h:/Latex/Texlive/main home/texlive/2018/texmf-dist/tex/xelatex/xecjk/xeCJK-lis
tings.sty
Package: xeCJK-listings 2018/04/30 v3.7.1 xeCJK patch file for listings
\l__xeCJK_listings_max_char_int=\count315
\l__xeCJK_listings_flag_int=\count316
) (./ntudocument.aux)
\openout1 = `ntudocument.aux'.

LaTeX Font Info:    Checking defaults for OML/cmm/m/it on input line 96.
LaTeX Font Info:    ... okay on input line 96.
LaTeX Font Info:    Checking defaults for T1/cmr/m/n on input line 96.
LaTeX Font Info:    ... okay on input line 96.
LaTeX Font Info:    Checking defaults for OT1/cmr/m/n on input line 96.
LaTeX Font Info:    ... okay on input line 96.
LaTeX Font Info:    Checking defaults for OMS/cmsy/m/n on input line 96.
LaTeX Font Info:    ... okay on input line 96.
LaTeX Font Info:    Checking defaults for TU/lmr/m/n on input line 96.
LaTeX Font Info:    ... okay on input line 96.
LaTeX Font Info:    Checking defaults for OMX/cmex/m/n on input line 96.
LaTeX Font Info:    ... okay on input line 96.
LaTeX Font Info:    Checking defaults for U/cmr/m/n on input line 96.
LaTeX Font Info:    ... okay on input line 96.
LaTeX Font Info:    Checking defaults for TS1/cmr/m/n on input line 96.
LaTeX Font Info:    ... okay on input line 96.
LaTeX Font Info:    Checking defaults for PD1/pdf/m/n on input line 96.
LaTeX Font Info:    ... okay on input line 96.
LaTeX Font Info:    Checking defaults for PU/pdf/m/n on input line 96.
LaTeX Font Info:    ... okay on input line 96.
 ABD: EverySelectfont initializing macros
LaTeX Info: Redefining \selectfont on input line 96.

Package fontspec Info: Adjusting the maths setup (use [no-math] to avoid
(fontspec)             this).

\symlegacymaths=\mathgroup4
LaTeX Font Info:    Overwriting symbol font `legacymaths' in version `bold'
(Font)                  OT1/cmr/m/n --> OT1/cmr/bx/n on input line 96.
LaTeX Font Info:    Redeclaring math accent \acute on input line 96.
LaTeX Font Info:    Redeclaring math accent \grave on input line 96.
LaTeX Font Info:    Redeclaring math accent \ddot on input line 96.
LaTeX Font Info:    Redeclaring math accent \tilde on input line 96.
LaTeX Font Info:    Redeclaring math accent \bar on input line 96.
LaTeX Font Info:    Redeclaring math accent \breve on input line 96.
LaTeX Font Info:    Redeclaring math accent \check on input line 96.
LaTeX Font Info:    Redeclaring math accent \hat on input line 96.
LaTeX Font Info:    Redeclaring math accent \dot on input line 96.
LaTeX Font Info:    Redeclaring math accent \mathring on input line 96.
LaTeX Font Info:    Redeclaring math symbol \Gamma on input line 96.
LaTeX Font Info:    Redeclaring math symbol \Delta on input line 96.
LaTeX Font Info:    Redeclaring math symbol \Theta on input line 96.
LaTeX Font Info:    Redeclaring math symbol \Lambda on input line 96.
LaTeX Font Info:    Redeclaring math symbol \Xi on input line 96.
LaTeX Font Info:    Redeclaring math symbol \Pi on input line 96.
LaTeX Font Info:    Redeclaring math symbol \Sigma on input line 96.
LaTeX Font Info:    Redeclaring math symbol \Upsilon on input line 96.
LaTeX Font Info:    Redeclaring math symbol \Phi on input line 96.
LaTeX Font Info:    Redeclaring math symbol \Psi on input line 96.
LaTeX Font Info:    Redeclaring math symbol \Omega on input line 96.
LaTeX Font Info:    Redeclaring math symbol \mathdollar on input line 96.
LaTeX Font Info:    Redeclaring symbol font `operators' on input line 96.
LaTeX Font Info:    Encoding `OT1' has changed to `TU' for symbol font
(Font)              `operators' in the math version `normal' on input line 96.
LaTeX Font Info:    Overwriting symbol font `operators' in version `normal'
(Font)                  OT1/cmr/m/n --> TU/lmr/m/n on input line 96.
LaTeX Font Info:    Encoding `OT1' has changed to `TU' for symbol font
(Font)              `operators' in the math version `bold' on input line 96.
LaTeX Font Info:    Overwriting symbol font `operators' in version `bold'
(Font)                  OT1/cmr/bx/n --> TU/lmr/m/n on input line 96.
LaTeX Font Info:    Overwriting symbol font `operators' in version `normal'
(Font)                  TU/lmr/m/n --> TU/lmr/m/n on input line 96.
LaTeX Font Info:    Overwriting math alphabet `\mathit' in version `normal'
(Font)                  OT1/cmr/m/it --> TU/lmr/m/it on input line 96.
LaTeX Font Info:    Overwriting math alphabet `\mathbf' in version `normal'
(Font)                  OT1/cmr/bx/n --> TU/lmr/bx/n on input line 96.
LaTeX Font Info:    Overwriting math alphabet `\mathsf' in version `normal'
(Font)                  OT1/cmss/m/n --> TU/lmss/m/n on input line 96.
LaTeX Font Info:    Overwriting math alphabet `\mathtt' in version `normal'
(Font)                  OT1/cmtt/m/n --> TU/pcr/m/n on input line 96.
LaTeX Font Info:    Overwriting symbol font `operators' in version `bold'
(Font)                  TU/lmr/m/n --> TU/lmr/bx/n on input line 96.
LaTeX Font Info:    Overwriting math alphabet `\mathit' in version `bold'
(Font)                  OT1/cmr/bx/it --> TU/lmr/bx/it on input line 96.
LaTeX Font Info:    Overwriting math alphabet `\mathsf' in version `bold'
(Font)                  OT1/cmss/bx/n --> TU/lmss/bx/n on input line 96.
LaTeX Font Info:    Overwriting math alphabet `\mathtt' in version `bold'
(Font)                  OT1/cmtt/m/n --> TU/pcr/bx/n on input line 96.

*geometry* driver: auto-detecting
*geometry* detected driver: xetex
*geometry* verbose mode - [ preamble ] result:
* driver: xetex
* paper: a4paper
* layout: <same size as paper>
* layoutoffset:(h,v)=(0.0pt,0.0pt)
* modes: 
* h-part:(L,W,R)=(28.90755pt, 539.69278pt, 28.90755pt)
* v-part:(T,H,B)=(50.58878pt, 765.55052pt, 28.90755pt)
* \paperwidth=597.50787pt
* \paperheight=845.04684pt
* \textwidth=539.69278pt
* \textheight=765.55052pt
* \oddsidemargin=-43.36244pt
* \evensidemargin=-43.36244pt
* \topmargin=-58.68121pt
* \headheight=12.0pt
* \headsep=25.0pt
* \topskip=10.0pt
* \footskip=30.0pt
* \marginparwidth=57.0pt
* \marginparsep=11.0pt
* \columnsep=10.0pt
* \skip\footins=9.0pt plus 4.0pt minus 2.0pt
* \hoffset=0.0pt
* \voffset=0.0pt
* \mag=1000
* \@twocolumnfalse
* \@twosidefalse
* \@mparswitchfalse
* \@reversemarginfalse
* (1in=72.27pt=25.4mm, 1cm=28.453pt)

\AtBeginShipoutBox=\box86
Package hyperref Info: Link coloring OFF on input line 96.

(h:/Latex/Texlive/main home/texlive/2018/texmf-dist/tex/latex/hyperref/nameref.
sty
Package: nameref 2016/05/21 v2.44 Cross-referencing by name of section

(h:/Latex/Texlive/main home/texlive/2018/texmf-dist/tex/generic/oberdiek/gettit
lestring.sty
Package: gettitlestring 2016/05/16 v1.5 Cleanup title references (HO)
)
\c@section@level=\count317
)
LaTeX Info: Redefining \ref on input line 96.
LaTeX Info: Redefining \pageref on input line 96.
LaTeX Info: Redefining \nameref on input line 96.
 (./ntudocument.out) (./ntudocument.out)
\@outlinefile=\write3
\openout3 = `ntudocument.out'.

\c@lstlisting=\count318
 [1

] (./ntudocument.toc

LaTeX Font Warning: Font shape `OMX/cmex/m/n' in size <10.53937> not available
(Font)              size <10.95> substituted on input line 1.


Package Fancyhdr Warning: \headheight is too small (12.0pt): 
Make it at least 12.64723pt.
We now make it that large for the rest of the document.
This may cause the page layout to be inconsistent, however.

[1] [2] [3])
\tf@toc=\write4
\openout4 = `ntudocument.toc'.

 (./contents.tex [4]
第一章
Package hyperref Info: bookmark level for unknown lstlisting defaults to 0 on i
nput line 3.
(./code/sync_with_stdio.cc) (./code/out_float.cc)
(h:/Latex/Texlive/main home/texlive/2018/texmf-dist/tex/latex/listings/lstlang1
.sty
File: lstlang1.sty 2018/09/02 1.7 listings language file
)
(h:/Latex/Texlive/main home/texlive/2018/texmf-dist/tex/latex/listings/lstlang1
.sty
File: lstlang1.sty 2018/09/02 1.7 listings language file
)
(h:/Latex/Texlive/main home/texlive/2018/texmf-dist/tex/latex/listings/lstmisc.
sty
File: lstmisc.sty 2018/09/02 1.7 (Carsten Heinz)
) (./code/fastInInt.cc [5

]) (./code/fastInString.cc
Missing character: There is no ␣ in font Consolas/OT:script=latn;language=DFLT;
!
Missing character: There is no ␣ in font Consolas/OT:script=latn;language=DFLT;
!
) (./code/fastOutInt.cc)
[6] (./code/fastOutString.cc)
(h:/Latex/Texlive/main home/texlive/2018/texmf-dist/tex/latex/listings/lstlang1
.sty
File: lstlang1.sty 2018/09/02 1.7 listings language file
) (./code/pythonInput.py
Missing character: There is no ␣ in font Consolas/OT:script=latn;language=DFLT;
!
)
(h:/Latex/Texlive/main home/texlive/2018/texmf-dist/tex/latex/listings/lstlang1
.sty
File: lstlang1.sty 2018/09/02 1.7 listings language file
) (./code/read.java) (./code/int128.cc [7]) [8]
第二章
(./code/DequeBFS.cc) [9

] (./code/AsBfs.cc [10]) [11]
第三章
(./code/LIS(nlogn).cc [12

]) (./code/LCS.cc) (./code/DPmin.cc [13])
(./code/dullQueueDP.cc) [14] (./code/intervalDP.cc) (./code/PeriodofTimeDP.cc)
(./code/numDP.cc [15]) (./code/math_DP.cc [16]) (./code/2dWIS.cc [17]) [18]
第四章
(./code/bfisprime.cc) (./code/antiPrime.cc) [19

] (./code/Miller_Rabin.cc)
(./code/Eratosthenes.cc) (./code/eulerSieve.cc [20]) (./code/factorization.cc)
(./code/gcd.cc [21]) (./code/lcm.cc) (./code/exGcd.cc) (./code/crt.cc [22])
(./code/exCRT.cc) (./code/EulerPhi.cc [23]) (./code/inv.cc) [24] (./code/mul.cc
) (./code/powMod.cc) (./code/NumofCo-prime.cc [25]) (./code/proot.cc)
(./code/Bsgs.cc [26] [27]) (./code/Stern-BrocotTree.cc [28])
(./code/QuadraticResidue.cc) [29] (./code/mobius.cc) (./code/Dujiao.cc)
(./code/formula.tex [30]
Missing character: There is no ⋅ in font [lmroman10-regular]:mapping=tex-text;!
 [31]) (./code/my_formula.tex [32]
Overfull \hbox (23.69775pt too wide) in paragraph at lines 4--6
[]\TU/SimSun(0)/m/n/10.53937 小 于 \TU/lmr/m/n/10.53937 n \TU/SimSun(0)/m/n/10.53
937 的 \TU/lmr/m/n/10.53937 i,j, \TU/SimSun(0)/m/n/10.53937 且 \TU/lmr/m/n/10.539
37 gcd(i,j)=1 \TU/SimSun(0)/m/n/10.53937 时，|  所 有 \TU/lmr/m/n/10.53937 i*j \TU/
SimSun(0)/m/n/10.53937 的 和 与 欧 拉 函 数 的 关 系 $[][] \OML/cmm/m/it/10.53937 i [][]\
OT1/cmr/m/n/10.53937 [\OML/cmm/m/it/10.53937 gcd\OT1/cmr/m/n/10.53937 (\OML/cmm
/m/it/10.53937 i; j\OT1/cmr/m/n/10.53937 ) = 1] \OMS/cmsy/m/n/10.53937 ^^A \OML
/cmm/m/it/10.53937 j \OT1/cmr/m/n/10.53937 = 2 [][] \OML/cmm/m/it/10.53937 i []
[]\OT1/cmr/m/n/10.53937 [\OML/cmm/m/it/10.53937 gcd\OT1/cmr/m/n/10.53937 (\OML/
cmm/m/it/10.53937 i; j\OT1/cmr/m/n/10.53937 ) =
 []


Underfull \hbox (badness 10000) in paragraph at lines 7--9

 []

) [33]
第五章
(./code/Cnmmodp.cc) (./code/lucas.cc) (./code/nC0tonCp.cc [34

])
(./code/FirstStirling.cc) [35] (./code/AdaptiveSimpson.cc) (./code/game.txt
[36]) (./code/SG.cc [37]) (./code/Matrixfpow.cc [38]) (./code/GaussDisposal.cc
[39] [40]) (./code/LinearBasis.cc [41] [42]) (./code/BigIntegerSqrt.java
[43]) (./code/simplex.cc [44]
Missing character: There is no ␣ in font Consolas/OT:script=latn;language=DFLT;
!
) (./code/rongchi.cc) [45] (./code/Lagrangian.cc)
(./code/fft_namespace.cc [46] [47] [48] [49]) (./code/fft.cc [50])
(./code/ntt.cc) [51] (./code/fwt.cc) (./code/CDQfft.cc [52])
(./code/polya_necklace.cc) (./code/colorPolynomial.txt) (./code/derangements.cc
[53]) (./code/BBP.cc [54]) [55]
第六章
(./code/PriorStar.cc
Missing character: There is no ␣ in font Consolas/OT:script=latn;language=DFLT;
!
Missing character: There is no ␣ in font Consolas/OT:script=latn;language=DFLT;
!
) (./code/union-find.cc [56

]) (./code/union-find(undo).cc
[57]) (./code/Kruskal.cc [58]) (./code/MST_Prim.cc) (./code/SPFA.cc [59])
(./code/dijkstra.cc [60]) (./code/Floyd.cc) (./code/twoSAT.cc [61])
(./code/tarjan.cc [62] [63]) (./code/Kosaraju.cc [64]) (./code/BCCpoint.cc
[65]) (./code/BCCedge.cc [66] [67]) (./code/bridge.cc [68])
(./code/euler_circuit.cc) [69] (./code/kth_shortest_path.cc [70]
Missing character: There is no ␣ in font Consolas/OT:script=latn;language=DFLT;
!
)
(./code/floyd_mincycle.cc [71]) (./code/Directed_MST.cc [72]
Missing character: There is no ␣ in font Consolas/OT:script=latn;language=DFLT;
!
Missing character: There is no ␣ in font Consolas/OT:script=latn;language=DFLT;
!
Missing character: There is no ␣ in font Consolas/OT:script=latn;language=DFLT;
!
Missing character: There is no ␣ in font Consolas/OT:script=latn;language=DFLT;
!
)
(./code/SMST_Prim.cc [73]) (./code/SMST_Kruskal.cc [74]) (./code/determinant.cc
[75]) [76] (./code/zhuliucount.cc [77] [78]) (./code/Dinic.cc [79])
(./code/ISAP.cc [80] [81]) (./code/mincost_maxflow.cc [82])
(./code/zkwCostFlow.cc [83] [84]) (./code/upperlowerFlow.cc [85] [86]
Missing character: There is no ␣ in font Consolas/OT:script=latn;language=DFLT;
!
Missing character: There is no ␣ in font Consolas/OT:script=latn;language=DFLT;
!
Missing character: There is no ␣ in font Consolas/OT:script=latn;language=DFLT;
!
Missing character: There is no ␣ in font Consolas/OT:script=latn;language=DFLT;
!
 [87]
[88]
Missing character: There is no ␣ in font Consolas/OT:script=latn;language=DFLT;
!
Missing character: There is no ␣ in font Consolas/OT:script=latn;language=DFLT;
!
Missing character: There is no ␣ in font Consolas/OT:script=latn;language=DFLT;
!
Missing character: There is no ␣ in font Consolas/OT:script=latn;language=DFLT;
!
Missing character: There is no ␣ in font Consolas/OT:script=latn;language=DFLT;
!
Missing character: There is no ␣ in font Consolas/OT:script=latn;language=DFLT;
!
Missing character: There is no ␣ in font Consolas/OT:script=latn;language=DFLT;
!
Missing character: There is no ␣ in font Consolas/OT:script=latn;language=DFLT;
!
Missing character: There is no ␣ in font Consolas/OT:script=latn;language=DFLT;
!
Missing character: There is no ␣ in font Consolas/OT:script=latn;language=DFLT;
!
 [89] [90]
Missing character: There is no ␣ in font Consolas/OT:script=latn;language=DFLT;
!
Missing character: There is no ␣ in font Consolas/OT:script=latn;language=DFLT;
!
Missing character: There is no ␣ in font Consolas/OT:script=latn;language=DFLT;
!
Missing character: There is no ␣ in font Consolas/OT:script=latn;language=DFLT;
!
Missing character: There is no ␣ in font Consolas/OT:script=latn;language=DFLT;
!
Missing character: There is no ␣ in font Consolas/OT:script=latn;language=DFLT;
!
 [91]
Missing character: There is no ␣ in font Consolas/OT:script=latn;language=DFLT;
!
Missing character: There is no ␣ in font Consolas/OT:script=latn;language=DFLT;
!
Missing character: There is no ␣ in font Consolas/OT:script=latn;language=DFLT;
!
Missing character: There is no ␣ in font Consolas/OT:script=latn;language=DFLT;
!
) (./code/Binarymatching.txt [92]) [93] (./code/hungary.cc)
(./code/KM.cc [94]) [95]
第七章
(./code/BIT.cc [96

] [97]) (./code/2DBIT.cc [98]) (./code/inversionPair.cc
[99]) (./code/Heap.cc [100]) (./code/MonotoneStackAndQueue.cc [101])
(./code/RMQ.cc) (./code/RMQ2.cc [102]) (./code/segmentTree.cc [103])
(./code/ZKWsegmentTree.cc [104]) (./code/SegmentTreeBeats.cc [105] [106]
[107]) (./code/scanningLine.cc [108] [109] [110] [111])
(./code/linescanMaxSquareCover.cc [112]) (./code/2dsegtree1.cc [113] [114])
(./code/2dsegtree2.cc [115]) [116] (./code/chairmantree.cc [117] [118])
(./code/BITchairmanTree.cc [119] [120]) (./code/treap.cc [121] [122])
(./code/fhq_treap.cc [123] [124]) (./code/splay.cc [125] [126] [127]
Missing character: There is no ␣ in font Consolas/OT:script=latn;language=DFLT;
!
Missing character: There is no ␣ in font Consolas/OT:script=latn;language=DFLT;
!
Missing character: There is no ␣ in font Consolas/OT:script=latn;language=DFLT;
!
Missing character: There is no ␣ in font Consolas/OT:script=latn;language=DFLT;
!
 [128]
Missing character: There is no ␣ in font Consolas/OT:script=latn;language=DFLT;
!
Missing character: There is no ␣ in font Consolas/OT:script=latn;language=DFLT;
!
)
[129] (./code/splay2.cc [130] [131]
Missing character: There is no ␣ in font Consolas/OT:script=latn;language=DFLT;
!
) [132] (./code/splayTree.cc [133] [134])
(./code/pointDC.cc [135]) (./code/dsu_on_tree.cc [136])
(./code/interval_xor_max.cc [137]
Missing character: There is no ␣ in font Consolas/OT:script=latn;language=DFLT;
!
Missing character: There is no ␣ in font Consolas/OT:script=latn;language=DFLT;
!
 [138]) (./code/tree_xor_max.cc [139])
[140] (./code/mo.cc) [141] (./code/LCAonline.cc) (./code/LCAoffline.cc [142])
(./code/LCAwanggann.cc [143] [144] [145]) [146]
(./code/heavy_light_decomposition.cpp [147]) [148]
第八章
(./code/KMP.cc) (./code/exKMP.cc [149

]) (./code/trie.cc [150])
(./code/ACautomachine.cc [151]) (./code/SA.cc [152]
Missing character: There is no ␣ in font Consolas/OT:script=latn;language=DFLT;
!
) [153] (./code/sais.cc)
[154] (./code/suffixAutomathine.cc [155]) (./code/manacher.cc) [156]
(./code/PAM.cc [157]) (./code/stringhash.cc [158]) (./code/string_hashmap.cpp
[159]) [160]
第九章
(./code/Planegeometry.txt [161

]) (./code/Graham.cc [162])
(./code/fourPointPlane.cc [163]) (./code/polygonCore.cc [164])
(./code/RotatingJam.cc [165] [166]) (./code/SimulatedAnnealing.cc [167]
Missing character: There is no ␣ in font Consolas/OT:script=latn;language=DFLT;
!
)
(./code/half_plane_inter_section.cc [168] [169]) (./code/SJTUgeometry.cc
[170] [171] [172] [173] [174] [175] [176] [177] [178]) [179]
第十章
(./code/point.cc) (./code/Fraction.cc [180

]) (./code/Matrix.cc [181]
Missing character: There is no ␣ in font Consolas/OT:script=latn;language=DFLT;
!
Missing character: There is no ␣ in font Consolas/OT:script=latn;language=DFLT;
!
)
(./code/Matrix01.cc [182]) (./code/DataAnalysis.cc) [183] (./code/Bignum.cc
[184] [185] [186] [187]) (./code/javaBigIntger.tex [188]) [189]
第十一章
(./code/discretization.cc) (./code/EnumSubset.cc
Missing character: There is no ␣ in font Consolas/OT:script=latn;language=DFLT;
!
 [190

]) (./code/bitset.txt)
(./code/bitOperation.cc [191]) (./code/DLX.cc [192]) (./code/KDTree.cc [193]
Missing character: There is no ␣ in font Consolas/OT:script=latn;language=DFLT;
!
Missing character: There is no ␣ in font Consolas/OT:script=latn;language=DFLT;
!
Missing character: There is no ␣ in font Consolas/OT:script=latn;language=DFLT;
!
Missing character: There is no ␣ in font Consolas/OT:script=latn;language=DFLT;
!
Missing character: There is no ␣ in font Consolas/OT:script=latn;language=DFLT;
!

[194]) (./code/random.cc
Missing character: There is no ␣ in font Consolas/OT:script=latn;language=DFLT;
!
) (./code/ODT.cc [195]) (./code/CDQ.cc [196])
(./code/builtinBitFunction.txt [197]) (./code/0-1planning.cpp) (./code/BM.cc
[198] [199] [200]))
Package atveryend Info: Empty hook `BeforeClearDocument' on input line 109.
 [201]
Package atveryend Info: Empty hook `AfterLastShipout' on input line 109.
 (./ntudocument.aux)
Package atveryend Info: Empty hook `AtVeryEndDocument' on input line 109.
Package atveryend Info: Executing hook `AtEndAfterFileList' on input line 109.
Package rerunfilecheck Info: File `ntudocument.out' has not changed.
(rerunfilecheck)             Checksum: 4779019F595EC7CB2EE97E6509DCF711.


LaTeX Font Warning: Size substitutions with differences
(Font)              up to 0.41063pt have occurred.

Package atveryend Info: Empty hook `AtVeryVeryEnd' on input line 109.
 ) 
Here is how much of TeX's memory you used:
 31182 strings out of 492933
 597525 string characters out of 6126362
 1143553 words of memory out of 5000000
 34423 multiletter control sequences out of 15000+600000
 539337 words of font info for 97 fonts, out of 8000000 for 9000
 1348 hyphenation exceptions out of 8191
 54i,12n,68p,815b,1937s stack positions out of 5000i,500n,10000p,200000b,80000s

Output written on ntudocument.xdv (202 pages, 10462812 bytes).
