\BOOKMARK [0][-]{chapter.1}{\376\377\217\223\121\145\217\223\121\372}{}% 1
\BOOKMARK [1][-]{section.1.1}{\376\377\123\326\155\210\124\014\153\145}{chapter.1}% 2
\BOOKMARK [1][-]{section.1.2}{\376\377\155\156\160\271\145\160\217\223\121\372\150\074\137\017}{chapter.1}% 3
\BOOKMARK [1][-]{section.1.3}{\376\377\145\164\127\213\137\353\220\037\217\223\121\145}{chapter.1}% 4
\BOOKMARK [1][-]{section.1.4}{\376\377\133\127\173\046\116\062\137\353\220\037\217\223\121\145}{chapter.1}% 5
\BOOKMARK [1][-]{section.1.5}{\376\377\145\164\127\213\137\353\220\037\217\223\121\372}{chapter.1}% 6
\BOOKMARK [1][-]{section.1.6}{\376\377\133\127\173\046\116\062\137\353\220\037\217\223\121\372}{chapter.1}% 7
\BOOKMARK [1][-]{section.1.7}{\376\377\000p\000y\000t\000h\000o\000n\000\040\217\223\121\145}{chapter.1}% 8
\BOOKMARK [1][-]{section.1.8}{\376\377\000j\000a\000v\000a\000\040\217\223\121\145}{chapter.1}% 9
\BOOKMARK [1][-]{section.1.9}{\376\377\000i\000n\000t\0001\0002\0008\217\223\121\145\217\223\121\372}{chapter.1}% 10
\BOOKMARK [0][-]{chapter.2}{\376\377\122\250\140\001\211\304\122\022}{}% 11
\BOOKMARK [1][-]{section.2.1}{\376\377\200\314\123\005\225\356\230\230}{chapter.2}% 12
\BOOKMARK [1][-]{section.2.2}{\376\377\147\000\225\177\123\125\214\003\133\120\136\217\122\027\377\010\000n\000l\000o\000g\000n\000\051}{chapter.2}% 13
\BOOKMARK [1][-]{section.2.3}{\376\377\147\000\225\177\121\154\121\161\133\120\136\217\122\027}{chapter.2}% 14
\BOOKMARK [1][-]{section.2.4}{\376\377\123\125\214\003\226\037\122\027\117\030\123\026\000D\000P}{chapter.2}% 15
\BOOKMARK [1][-]{section.2.5}{\376\377\123\125\214\003\226\037\122\027\000D\000P}{chapter.2}% 16
\BOOKMARK [1][-]{section.2.6}{\376\377\123\072\225\364\000D\000P}{chapter.2}% 17
\BOOKMARK [1][-]{section.2.7}{\376\377\145\366\225\364\153\265\000D\000P}{chapter.2}% 18
\BOOKMARK [1][-]{section.2.8}{\376\377\145\160\117\115\000D\000P}{chapter.2}% 19
\BOOKMARK [1][-]{section.2.9}{\376\377\145\160\117\115\000D\000P}{chapter.2}% 20
\BOOKMARK [1][-]{section.2.10}{\376\377\116\012\123\107\133\120\136\217\122\027\147\000\131\047\124\214\000\050\000n\000l\000o\000g\000n\000\051}{chapter.2}% 21
\BOOKMARK [0][-]{chapter.3}{\376\377\145\160\213\272}{}% 22
\BOOKMARK [1][-]{section.3.1}{\376\377\146\264\122\233\122\044\175\040\145\160}{chapter.3}% 23
\BOOKMARK [1][-]{section.3.2}{\376\377\174\163\122\322\177\127\133\276\175\040\140\047\150\300\155\113}{chapter.3}% 24
\BOOKMARK [1][-]{section.3.3}{\376\377\127\303\154\017\173\133}{chapter.3}% 25
\BOOKMARK [1][-]{section.3.4}{\376\377\153\047\142\311\173\133}{chapter.3}% 26
\BOOKMARK [1][-]{section.3.5}{\376\377\122\006\211\343\215\050\126\340\145\160}{chapter.3}% 27
\BOOKMARK [1][-]{section.3.6}{\376\377\147\000\131\047\121\154\176\246\145\160}{chapter.3}% 28
\BOOKMARK [1][-]{section.3.7}{\376\377\147\000\134\017\121\154\120\015\145\160}{chapter.3}% 29
\BOOKMARK [1][-]{section.3.8}{\376\377\142\151\134\125\153\047\121\340\221\314\137\227}{chapter.3}% 30
\BOOKMARK [1][-]{section.3.9}{\376\377\116\055\126\375\122\151\117\131\133\232\164\006}{chapter.3}% 31
\BOOKMARK [1][-]{section.3.10}{\376\377\142\151\134\125\000C\000R\000T}{chapter.3}% 32
\BOOKMARK [1][-]{section.3.11}{\376\377\153\047\142\311\121\375\145\160}{chapter.3}% 33
\BOOKMARK [1][-]{section.3.12}{\376\377\154\102\220\006\121\103}{chapter.3}% 34
\BOOKMARK [1][-]{section.3.13}{\376\377\137\353\220\037\116\130\154\325\123\326\152\041}{chapter.3}% 35
\BOOKMARK [1][-]{section.3.14}{\376\377\137\353\220\037\136\102\123\326\152\041}{chapter.3}% 36
\BOOKMARK [1][-]{section.3.15}{\376\377\116\222\215\050\133\371\145\160\213\241\145\160}{chapter.3}% 37
\BOOKMARK [1][-]{section.3.16}{\376\377\000B\000S\000G\000S}{chapter.3}% 38
\BOOKMARK [1][-]{section.3.17}{\376\377\116\214\122\006\122\006\145\160\150\021\377\010\000S\000t\000e\000r\000n\000-\000B\000r\000o\000c\000o\000t\000\040\000T\000r\000e\000e\000\051}{chapter.3}% 39
\BOOKMARK [1][-]{section.3.18}{\376\377\000\040\116\214\153\041\122\151\117\131}{chapter.3}% 40
\BOOKMARK [1][-]{section.3.19}{\376\377\213\241\173\227\203\253\153\324\116\114\145\257\121\375\145\160}{chapter.3}% 41
\BOOKMARK [1][-]{section.3.20}{\376\377\147\134\145\131\173\133}{chapter.3}% 42
\BOOKMARK [1][-]{section.3.21}{\376\377\136\070\165\050\121\154\137\017}{chapter.3}% 43
\BOOKMARK [1][-]{section.3.22}{\376\377\145\160\213\272\121\154\137\017}{chapter.3}% 44
\BOOKMARK [0][-]{chapter.4}{\376\377\145\160\133\146}{}% 45
\BOOKMARK [1][-]{section.4.1}{\376\377\000C\000\050\000n\000,\000m\000\051\000\040\000m\000o\000d\000\040\000p\000\040\000\050\000n\137\210\131\047\000p\123\357\116\345\137\210\131\047\377\011}{chapter.4}% 46
\BOOKMARK [1][-]{section.4.2}{\376\377\000L\000u\000c\000a\000s\133\232\164\006}{chapter.4}% 47
\BOOKMARK [1][-]{section.4.3}{\376\377\213\241\173\227\116\316\000C\000\050\000n\000,\000\040\0000\000\051\122\060\000C\000\050\000n\000,\000\040\000p\000\051\166\204\120\074}{chapter.4}% 48
\BOOKMARK [1][-]{section.4.4}{\376\377\213\241\173\227\173\054\116\000\174\173\145\257\162\171\147\227\145\160}{chapter.4}% 49
\BOOKMARK [1][-]{section.4.5}{\376\377\201\352\220\002\136\224\217\233\146\156\150\356}{chapter.4}% 50
\BOOKMARK [1][-]{section.4.6}{\376\377\123\132\137\010\213\272}{chapter.4}% 51
\BOOKMARK [1][-]{section.4.7}{\376\377\137\002\142\026\176\277\140\047\127\372}{chapter.4}% 52
\BOOKMARK [1][-]{section.4.8}{\376\377\000j\000a\000v\000a\131\047\145\160\137\000\145\271}{chapter.4}% 53
\BOOKMARK [1][-]{section.4.9}{\376\377\123\125\176\257\137\142\154\325}{chapter.4}% 54
\BOOKMARK [1][-]{section.4.10}{\376\377\133\271\145\245}{chapter.4}% 55
\BOOKMARK [1][-]{section.4.11}{\376\377\131\032\230\171\137\017\116\130\154\325\000/\136\163\145\271\000/\123\326\152\041}{chapter.4}% 56
\BOOKMARK [1][-]{section.4.12}{\376\377\137\353\220\037\120\205\221\314\123\366\123\330\143\142}{chapter.4}% 57
\BOOKMARK [1][-]{section.4.13}{\376\377\137\353\220\037\145\160\213\272\123\330\143\142}{chapter.4}% 58
\BOOKMARK [1][-]{section.4.14}{\376\377\137\353\220\037\154\203\134\024\116\300\123\330\143\142}{chapter.4}% 59
\BOOKMARK [1][-]{section.4.15}{\376\377\122\006\154\273\000f\000f\000t}{chapter.4}% 60
\BOOKMARK [1][-]{section.4.16}{\376\377\000p\000o\000l\000y\000a\230\171\224\376\147\323\202\162}{chapter.4}% 61
\BOOKMARK [1][-]{section.4.17}{\376\377\147\323\202\162\131\032\230\171\137\017}{chapter.4}% 62
\BOOKMARK [1][-]{section.4.18}{\376\377\000\040\225\031\117\115\143\222\122\027\220\022\143\250\121\154\137\017}{chapter.4}% 63
\BOOKMARK [1][-]{section.4.19}{\376\377\000B\000B\000P\121\154\137\017\154\102\000p\000i\123\101\121\155\217\333\122\066\166\204\173\054\000k\117\115}{chapter.4}% 64
\BOOKMARK [0][-]{chapter.5}{\376\377\126\376\213\272}{}% 65
\BOOKMARK [1][-]{section.5.1}{\376\377\122\115\124\021\146\037}{chapter.5}% 66
\BOOKMARK [1][-]{section.5.2}{\376\377\136\166\147\345\226\306}{chapter.5}% 67
\BOOKMARK [1][-]{section.5.3}{\376\377\123\357\144\244\225\000\136\166\147\345\226\306\377\010\143\011\171\351\124\010\136\166\377\011}{chapter.5}% 68
\BOOKMARK [1][-]{section.5.4}{\376\377\000K\000r\000u\000s\000k\000a\000l\147\000\134\017\165\037\142\020\150\021}{chapter.5}% 69
\BOOKMARK [1][-]{section.5.5}{\376\377\000P\000r\000i\000m\147\000\134\017\165\037\142\020\150\021}{chapter.5}% 70
\BOOKMARK [1][-]{section.5.6}{\376\377\000S\000P\000F\000A\000\040\147\000\167\355\215\357}{chapter.5}% 71
\BOOKMARK [1][-]{section.5.7}{\376\377\000d\000i\000j\000k\000s\000t\000r\000a\000\040\147\000\167\355\215\357}{chapter.5}% 72
\BOOKMARK [1][-]{section.5.8}{\376\377\000F\000l\000o\000y\000d\000\040\116\373\141\017\116\044\160\271\225\364\147\000\167\355\215\357}{chapter.5}% 73
\BOOKMARK [1][-]{section.5.9}{\376\377\0002\000-\000S\000A\000T\225\356\230\230}{chapter.5}% 74
\BOOKMARK [1][-]{section.5.10}{\376\377\000t\000a\000r\000j\000a\000n\137\072\217\336\220\032\122\006\221\317}{chapter.5}% 75
\BOOKMARK [1][-]{section.5.11}{\376\377\000K\000o\000s\000a\000r\000a\000j\000u\137\072\217\336\220\032\122\006\221\317}{chapter.5}% 76
\BOOKMARK [1][-]{section.5.12}{\376\377\160\271\123\314\200\124\220\032\122\006\221\317}{chapter.5}% 77
\BOOKMARK [1][-]{section.5.13}{\376\377\217\271\123\314\200\124\220\032\122\006\221\317}{chapter.5}% 78
\BOOKMARK [1][-]{section.5.14}{\376\377\154\102\150\145}{chapter.5}% 79
\BOOKMARK [1][-]{section.5.15}{\376\377\153\047\142\311\126\336\215\357}{chapter.5}% 80
\BOOKMARK [1][-]{section.5.16}{\376\377\000k\167\355\215\357}{chapter.5}% 81
\BOOKMARK [1][-]{section.5.17}{\376\377\147\000\134\017\163\257}{chapter.5}% 82
\BOOKMARK [1][-]{section.5.18}{\376\377\147\000\134\017\150\021\137\142\126\376}{chapter.5}% 83
\BOOKMARK [1][-]{section.5.19}{\376\377\153\041\134\017\165\037\142\020\150\021\000\050\000P\000r\000i\000m\000\051}{chapter.5}% 84
\BOOKMARK [1][-]{section.5.20}{\376\377\153\041\134\017\165\037\142\020\150\021\000\050\000K\000r\000u\000s\000k\000a\000l\000\051}{chapter.5}% 85
\BOOKMARK [1][-]{section.5.21}{\376\377\147\000\134\017\165\037\142\020\150\021\213\241\145\160}{chapter.5}% 86
\BOOKMARK [1][-]{section.5.22}{\376\377\147\000\134\017\150\021\137\142\126\376\213\241\145\160}{chapter.5}% 87
\BOOKMARK [1][-]{section.5.23}{\376\377\000D\000i\000n\000i\000c\000\040\147\000\131\047\155\101}{chapter.5}% 88
\BOOKMARK [1][-]{section.5.24}{\376\377\000\040\000I\000S\000A\000P\000\040\147\000\131\047\155\101}{chapter.5}% 89
\BOOKMARK [1][-]{section.5.25}{\376\377\147\000\134\017\215\071\165\050\147\000\131\047\155\101}{chapter.5}% 90
\BOOKMARK [1][-]{section.5.26}{\376\377\000Z\000K\000W\215\071\165\050\155\101}{chapter.5}% 91
\BOOKMARK [1][-]{section.5.27}{\376\377\116\012\116\013\165\114\177\121\176\334\155\101}{chapter.5}% 92
\BOOKMARK [1][-]{section.5.28}{\376\377\126\376\123\071\221\115\164\006\213\272}{chapter.5}% 93
\BOOKMARK [1][-]{section.5.29}{\376\377\116\214\122\006\126\376\147\000\131\047\123\071\221\115\123\010\162\131\122\051\173\227\154\325}{chapter.5}% 94
\BOOKMARK [1][-]{section.5.30}{\376\377\116\214\122\006\126\376\147\000\131\047\147\103\123\071\221\115\000K\000M\173\227\154\325}{chapter.5}% 95
\BOOKMARK [0][-]{chapter.6}{\376\377\145\160\143\156\176\323\147\204}{}% 96
\BOOKMARK [1][-]{section.6.1}{\376\377\150\021\162\266\145\160\176\304}{chapter.6}% 97
\BOOKMARK [1][-]{section.6.2}{\376\377\135\356\122\006\145\160\176\304}{chapter.6}% 98
\BOOKMARK [1][-]{section.6.3}{\376\377\116\214\176\364\150\021\162\266\145\160\176\304}{chapter.6}% 99
\BOOKMARK [1][-]{section.6.4}{\376\377\150\021\162\266\145\160\176\304\154\102\220\006\136\217\133\371}{chapter.6}% 100
\BOOKMARK [1][-]{section.6.5}{\376\377\130\006}{chapter.6}% 101
\BOOKMARK [1][-]{section.6.6}{\376\377\000R\000M\000Q}{chapter.6}% 102
\BOOKMARK [1][-]{section.6.7}{\376\377\000R\000M\000Q}{chapter.6}% 103
\BOOKMARK [1][-]{section.6.8}{\376\377\176\277\153\265\150\021}{chapter.6}% 104
\BOOKMARK [1][-]{section.6.9}{\376\377\000Z\000K\000W\176\277\153\265\150\021}{chapter.6}% 105
\BOOKMARK [1][-]{section.6.10}{\376\377\124\011\123\370\147\072\176\277\153\265\150\021}{chapter.6}% 106
\BOOKMARK [1][-]{section.6.11}{\376\377\142\153\143\317\176\277}{chapter.6}% 107
\BOOKMARK [1][-]{section.6.12}{\376\377\126\372\133\232\131\047\134\017\167\351\137\142\147\000\131\047\160\271\211\206\166\326}{chapter.6}% 108
\BOOKMARK [1][-]{section.6.13}{\376\377\116\214\176\364\176\277\153\265\150\021\000\050\123\125\160\271\146\364\145\260\123\072\225\364\147\000\120\074\000\051}{chapter.6}% 109
\BOOKMARK [1][-]{section.6.14}{\376\377\116\214\176\364\176\277\153\265\150\021\000\050\123\072\225\364\122\240\120\074\123\125\160\271\147\345\213\342\000\051}{chapter.6}% 110
\BOOKMARK [1][-]{section.6.15}{\376\377\116\073\136\055\150\021}{chapter.6}% 111
\BOOKMARK [1][-]{section.6.16}{\376\377\116\073\136\055\150\021\122\250\140\001\000k\131\047}{chapter.6}% 112
\BOOKMARK [1][-]{section.6.17}{\376\377\000T\000r\000e\000a\000p\150\021}{chapter.6}% 113
\BOOKMARK [1][-]{section.6.18}{\376\377\121\375\145\160\137\017\000T\000r\000e\000a\000p}{chapter.6}% 114
\BOOKMARK [1][-]{section.6.19}{\376\377\000S\000p\000l\000a\000y\150\021}{chapter.6}% 115
\BOOKMARK [1][-]{section.6.20}{\376\377\000S\000p\000l\000a\000y\150\021}{chapter.6}% 116
\BOOKMARK [1][-]{section.6.21}{\376\377\000S\000p\000l\000a\000y\150\021}{chapter.6}% 117
\BOOKMARK [1][-]{section.6.22}{\376\377\160\271\122\006\154\273}{chapter.6}% 118
\BOOKMARK [1][-]{section.6.23}{\376\377\150\021\116\012\124\057\123\321\137\017\124\010\136\166}{chapter.6}% 119
\BOOKMARK [1][-]{section.6.24}{\376\377\000\040\0000\000-\0001\000t\000r\000i\000e\123\072\225\364\137\002\142\026\147\000\131\047\120\074}{chapter.6}% 120
\BOOKMARK [1][-]{section.6.25}{\376\377\000\040\0000\000-\0001\000t\000r\000i\000e\133\120\150\021\137\002\142\026\147\000\131\047\120\074}{chapter.6}% 121
\BOOKMARK [1][-]{section.6.26}{\376\377\203\253\226\037\173\227\154\325}{chapter.6}% 122
\BOOKMARK [1][-]{section.6.27}{\376\377\147\000\217\321\121\154\121\161\171\126\121\110\000\050\127\050\176\277\000\051}{chapter.6}% 123
\BOOKMARK [1][-]{section.6.28}{\376\377\147\000\217\321\121\154\121\161\171\126\121\110\000\050\171\273\176\277\000\051}{chapter.6}% 124
\BOOKMARK [1][-]{section.6.29}{\376\377\147\000\217\321\121\154\121\161\171\126\121\110}{chapter.6}% 125
\BOOKMARK [1][-]{section.6.30}{\376\377\150\021\224\376\122\126\122\006}{chapter.6}% 126
\BOOKMARK [0][-]{chapter.7}{\376\377\133\127\173\046\116\062}{}% 127
\BOOKMARK [1][-]{section.7.1}{\376\377\000K\000M\000P}{chapter.7}% 128
\BOOKMARK [1][-]{section.7.2}{\376\377\142\151\134\125\000K\000M\000P}{chapter.7}% 129
\BOOKMARK [1][-]{section.7.3}{\376\377\000T\000R\000I\000E}{chapter.7}% 130
\BOOKMARK [1][-]{section.7.4}{\376\377\000A\000C\201\352\122\250\147\072}{chapter.7}% 131
\BOOKMARK [1][-]{section.7.5}{\376\377\124\016\177\000\145\160\176\304\000\050\120\015\130\236\000\051}{chapter.7}% 132
\BOOKMARK [1][-]{section.7.6}{\376\377\124\016\177\000\145\160\176\304\000\050\000s\000a\000i\000s\000\051}{chapter.7}% 133
\BOOKMARK [1][-]{section.7.7}{\376\377\124\016\177\000\201\352\122\250\147\072}{chapter.7}% 134
\BOOKMARK [1][-]{section.7.8}{\376\377\147\000\225\177\126\336\145\207\133\120\116\062}{chapter.7}% 135
\BOOKMARK [1][-]{section.7.9}{\376\377\126\336\145\207\150\021}{chapter.7}% 136
\BOOKMARK [1][-]{section.7.10}{\376\377\133\127\173\046\116\062\124\310\136\014\173\227\154\325}{chapter.7}% 137
\BOOKMARK [1][-]{section.7.11}{\376\377\133\127\173\046\116\062\124\310\136\014\210\150}{chapter.7}% 138
\BOOKMARK [0][-]{chapter.8}{\376\377\121\340\117\125}{}% 139
\BOOKMARK [1][-]{section.8.1}{\376\377\136\163\227\142\121\340\117\125\121\154\137\017}{chapter.8}% 140
\BOOKMARK [1][-]{section.8.2}{\376\377\154\102\121\370\123\005}{chapter.8}% 141
\BOOKMARK [1][-]{section.8.3}{\376\377\126\333\160\271\121\161\227\142}{chapter.8}% 142
\BOOKMARK [1][-]{section.8.4}{\376\377\131\032\217\271\137\142\221\315\137\303}{chapter.8}% 143
\BOOKMARK [1][-]{section.8.5}{\376\377\145\313\217\154\123\141\130\363}{chapter.8}% 144
\BOOKMARK [1][-]{section.8.6}{\376\377\152\041\142\337\220\000\160\153}{chapter.8}% 145
\BOOKMARK [1][-]{section.8.7}{\376\377\123\112\136\163\227\142\116\244}{chapter.8}% 146
\BOOKMARK [1][-]{section.8.8}{\376\377\213\241\173\227\121\340\117\125}{chapter.8}% 147
\BOOKMARK [0][-]{chapter.9}{\376\377\174\173}{}% 148
\BOOKMARK [1][-]{section.9.1}{\376\377\160\271\174\173}{chapter.9}% 149
\BOOKMARK [1][-]{section.9.2}{\376\377\122\006\145\160\174\173}{chapter.9}% 150
\BOOKMARK [1][-]{section.9.3}{\376\377\167\351\226\065}{chapter.9}% 151
\BOOKMARK [1][-]{section.9.4}{\376\377\0000\0001\167\351\226\065}{chapter.9}% 152
\BOOKMARK [1][-]{section.9.5}{\376\377\173\200\123\125\131\047\145\160}{chapter.9}% 153
\BOOKMARK [1][-]{section.9.6}{\376\377\131\047\145\160}{chapter.9}% 154
\BOOKMARK [1][-]{section.9.7}{\376\377\000j\000a\000v\000a\131\047\145\160}{chapter.9}% 155
\BOOKMARK [0][-]{chapter.10}{\376\377\142\200\135\347\116\016\236\321\171\321\142\200}{}% 156
\BOOKMARK [1][-]{section.10.1}{\376\377\171\273\145\143\123\026}{chapter.10}% 157
\BOOKMARK [1][-]{section.10.2}{\376\377\137\353\220\037\147\232\116\076\133\120\226\306}{chapter.10}% 158
\BOOKMARK [1][-]{section.10.3}{\376\377\000b\000i\000t\000s\000e\000t}{chapter.10}% 159
\BOOKMARK [1][-]{section.10.4}{\376\377\117\115\217\320\173\227}{chapter.10}% 160
\BOOKMARK [1][-]{section.10.5}{\376\377\215\363\202\036\224\376}{chapter.10}% 161
\BOOKMARK [1][-]{section.10.6}{\376\377\000K\000-\000D\150\021}{chapter.10}% 162
\BOOKMARK [1][-]{section.10.7}{\376\377\226\217\147\072}{chapter.10}% 163
\BOOKMARK [1][-]{section.10.8}{\376\377\163\302\147\065\203\211\150\021\377\010\000O\000l\000d\000\040\000D\000r\000i\000v\000e\000r\000\040\000T\000r\000e\000e\000\051}{chapter.10}% 164
\BOOKMARK [1][-]{section.10.9}{\376\377\000C\000D\000Q\122\006\154\273}{chapter.10}% 165
\BOOKMARK [1][-]{section.10.10}{\376\377\121\205\177\156\117\115\217\320\173\227\121\375\145\160}{chapter.10}% 166
\BOOKMARK [1][-]{section.10.11}{\376\377\0000\000-\0001\122\006\145\160\211\304\122\022}{chapter.10}% 167
\BOOKMARK [1][-]{section.10.12}{\376\377\000B\000M\176\277\140\047\220\022\143\250}{chapter.10}% 168
